<?xml version="1.0" encoding="UTF-8"?>
<!-- Generated by org.testng.reporters.JUnitReportReporter -->
<testsuite hostname="MORGAN-QA3L" failures="0" tests="1" name="Mobile.automation.Tests.BeforeAfterBaseClass" time="15.195" errors="0" timestamp="2023-08-01T15:40:59 IST" skipped="0">
  <testcase classname="Mobile.automation.Tests.BeforeAfterBaseClass" name="Beforetest" time="15.195"/>
  <system-out/>
</testsuite> <!-- Mobile.automation.Tests.BeforeAfterBaseClass -->
