<?xml version="1.0" encoding="UTF-8"?>
<!-- Generated by org.testng.reporters.JUnitReportReporter -->
<testsuite hostname="MORGAN-QA3L" failures="0" tests="5" name="Mobile.automation.Tests.TestCases" time="116.081" errors="0" timestamp="2023-08-24T17:19:27 IST" skipped="0">
  <testcase classname="Mobile.automation.Tests.TestCases" name="TC02" time="23.115"/>
  <testcase classname="Mobile.automation.Tests.TestCases" name="TC03" time="33.234"/>
  <testcase classname="Mobile.automation.Tests.TestCases" name="TC04" time="27.973"/>
  <testcase classname="Mobile.automation.Tests.TestCases" name="TC05" time="17.812"/>
  <testcase classname="Mobile.automation.Tests.TestCases" name="TC01" time="13.947"/>
</testsuite> <!-- Mobile.automation.Tests.TestCases -->
